<?xml version="1.0" encoding="UTF-8" ?>
<testsuite failures="0" time="0.026" errors="0" skipped="0" tests="1" name="es.uned.service.UsuarioServiceTest">
  <properties>
    <property name="java.runtime.name" value="Java(TM) SE Runtime Environment"/>
    <property name="sun.boot.library.path" value="C:\enviroment\java\jdk1.7.0_79\jre\bin"/>
    <property name="java.vm.version" value="24.79-b02"/>
    <property name="user.country.format" value="ES"/>
    <property name="java.vm.vendor" value="Oracle Corporation"/>
    <property name="java.vendor.url" value="http://java.oracle.com/"/>
    <property name="path.separator" value=";"/>
    <property name="java.vm.name" value="Java HotSpot(TM) 64-Bit Server VM"/>
    <property name="file.encoding.pkg" value="sun.io"/>
    <property name="user.script" value=""/>
    <property name="user.country" value="US"/>
    <property name="sun.java.launcher" value="SUN_STANDARD"/>
    <property name="sun.os.patch.level" value="Service Pack 1"/>
    <property name="java.vm.specification.name" value="Java Virtual Machine Specification"/>
    <property name="user.dir" value="C:\Users\Tony\workspace\InmoUned"/>
    <property name="java.runtime.version" value="1.7.0_79-b15"/>
    <property name="java.awt.graphicsenv" value="sun.awt.Win32GraphicsEnvironment"/>
    <property name="basedir" value="C:\Users\Tony\workspace\InmoUned"/>
    <property name="java.endorsed.dirs" value="C:\enviroment\java\jdk1.7.0_79\jre\lib\endorsed"/>
    <property name="os.arch" value="amd64"/>
    <property name="surefire.real.class.path" value="C:\Users\Tony\AppData\Local\Temp\surefirebooter3812109685274786330.jar"/>
    <property name="java.io.tmpdir" value="C:\Users\Tony\AppData\Local\Temp\"/>
    <property name="line.separator" value="
"/>
    <property name="java.vm.specification.vendor" value="Oracle Corporation"/>
    <property name="user.variant" value=""/>
    <property name="os.name" value="Windows 7"/>
    <property name="sun.jnu.encoding" value="Cp1252"/>
    <property name="java.library.path" value="C:\enviroment\java\jdk1.7.0_79\jre\bin;C:\Windows\Sun\Java\bin;C:\Windows\system32;C:\Windows;C:\enviroment\oraclexe\app\oracle\product\11.2.0\server\bin;C:\enviroment\apache\apache-maven-2.2.1\bin;C:\Windows\system32;C:\Windows;C:\Windows\System32\Wbem;C:\Windows\System32\WindowsPowerShell\v1.0\;C:\enviroment\apache\apache-ant-1.8.2\bin;C:\enviroment\apache\apache-maven-2.2.1\bin;C:\Program Files (x86)\Microsoft SQL Server\80\Tools\Binn\;C:\Program Files (x86)\Microsoft SQL Server\90\DTS\Binn\;C:\Program Files (x86)\Microsoft SQL Server\90\Tools\binn\;C:\Program Files (x86)\Microsoft SQL Server\90\Tools\Binn\VSShell\Common7\IDE\;C:\Program Files (x86)\Microsoft Visual Studio 8\Common7\IDE\PrivateAssemblies\;C:\enviroment\grails-1.4.0.M1\bin;C:\Program Files (x86)\Common Files\Roxio Shared\9.0\DLLShared\;C:\Program Files (x86)\Subversion\bin;C:\Program Files\TortoiseSVN\bin;C:\enviroment\java\jdk1.7.0_79\bin;C:\enviroment\apache\apache-maven-2.2.1;C:\Program Files (x86)\IDM Computer Solutions\UltraEdit\;C:\enviroment\apache\apache-maven-2.2.1\bin;C:\oracle\ora92\bin;C:\Program Files (x86)\Oracle\jre\1.3.1\bin;C:\Program Files (x86)\Oracle\jre\1.1.8\bin;C:\oracle\product\11.2.0\dbhome_1\bin;C:\Program Files\Common Files\Microsoft Shared\Windows Live;C:\Program Files (x86)\Common Files\Microsoft Shared\Windows Live;C:\Windows\system32;C:\Windows;C:\Windows\System32\Wbem;C:\Windows\System32\WindowsPowerShell\v1.0\;C:\enviroment\apache\apache-ant-1.8.2\bin;C:\enviroment\apache\apache-maven-2.2.1\bin;C:\Program Files (x86)\Microsoft SQL Server\80\Tools\Binn\;C:\Program Files (x86)\Microsoft SQL Server\90\DTS\Binn\;C:\Program Files (x86)\Microsoft SQL Server\90\Tools\binn\;C:\Program Files (x86)\Microsoft SQL Server\90\Tools\Binn\VSShell\Common7\IDE\;C:\Program Files (x86)\Microsoft Visual Studio 8\Common7\IDE\PrivateAssemblies\;C:\enviroment\grails-1.4.0.M1\bin;C:\Program Files (x86)\Common Files\Roxio Shared\9.0\DLLShared\;C:\Program Files (x86)\Windows Live\Shared;C:\Program Files (x86)\Subversion\bin;C:\Program Files\TortoiseSVN\bin;C:\jamda-0.2\bin;C:\enviroment\java\jdk1.7.0_79\bin;;."/>
    <property name="surefire.test.class.path" value="C:\Users\Tony\workspace\InmoUned\target\test-classes;C:\Users\Tony\workspace\InmoUned\target\classes;C:\Users\Tony\.m2\repository\org\springframework\spring-core\3.1.1.RELEASE\spring-core-3.1.1.RELEASE.jar;C:\Users\Tony\.m2\repository\org\springframework\spring-asm\3.1.1.RELEASE\spring-asm-3.1.1.RELEASE.jar;C:\Users\Tony\.m2\repository\commons-logging\commons-logging\1.1.1\commons-logging-1.1.1.jar;C:\Users\Tony\.m2\repository\org\springframework\spring-context\3.1.1.RELEASE\spring-context-3.1.1.RELEASE.jar;C:\Users\Tony\.m2\repository\org\springframework\spring-aop\3.1.1.RELEASE\spring-aop-3.1.1.RELEASE.jar;C:\Users\Tony\.m2\repository\aopalliance\aopalliance\1.0\aopalliance-1.0.jar;C:\Users\Tony\.m2\repository\org\springframework\spring-beans\3.1.1.RELEASE\spring-beans-3.1.1.RELEASE.jar;C:\Users\Tony\.m2\repository\org\springframework\spring-expression\3.1.1.RELEASE\spring-expression-3.1.1.RELEASE.jar;C:\Users\Tony\.m2\repository\org\springframework\spring-context-support\3.1.1.RELEASE\spring-context-support-3.1.1.RELEASE.jar;C:\Users\Tony\.m2\repository\org\springframework\spring-web\3.1.1.RELEASE\spring-web-3.1.1.RELEASE.jar;C:\Users\Tony\.m2\repository\org\springframework\spring-tx\3.1.1.RELEASE\spring-tx-3.1.1.RELEASE.jar;C:\Users\Tony\.m2\repository\org\springframework\spring-orm\3.1.1.RELEASE\spring-orm-3.1.1.RELEASE.jar;C:\Users\Tony\.m2\repository\org\springframework\spring-jdbc\3.1.1.RELEASE\spring-jdbc-3.1.1.RELEASE.jar;C:\Users\Tony\.m2\repository\org\springframework\spring-test\3.1.1.RELEASE\spring-test-3.1.1.RELEASE.jar;C:\Users\Tony\.m2\repository\javax\mail\mail\1.4\mail-1.4.jar;C:\Users\Tony\.m2\repository\javax\activation\activation\1.1\activation-1.1.jar;C:\Users\Tony\.m2\repository\cglib\cglib\2.2\cglib-2.2.jar;C:\Users\Tony\.m2\repository\asm\asm\3.1\asm-3.1.jar;C:\Users\Tony\.m2\repository\com\sun\faces\jsf-api\2.1.6\jsf-api-2.1.6.jar;C:\Users\Tony\.m2\repository\com\sun\faces\jsf-impl\2.1.6\jsf-impl-2.1.6.jar;C:\Users\Tony\.m2\repository\javax\servlet\jstl\1.2\jstl-1.2.jar;C:\Users\Tony\.m2\repository\org\primefaces\primefaces\3.3-SNAPSHOT\primefaces-3.3-SNAPSHOT.jar;C:\Users\Tony\.m2\repository\org\hibernate\hibernate-core\4.1.0.Final\hibernate-core-4.1.0.Final.jar;C:\Users\Tony\.m2\repository\commons-collections\commons-collections\3.2.1\commons-collections-3.2.1.jar;C:\Users\Tony\.m2\repository\antlr\antlr\2.7.7\antlr-2.7.7.jar;C:\Users\Tony\.m2\repository\org\jboss\spec\javax\transaction\jboss-transaction-api_1.1_spec\1.0.0.Final\jboss-transaction-api_1.1_spec-1.0.0.Final.jar;C:\Users\Tony\.m2\repository\dom4j\dom4j\1.6.1\dom4j-1.6.1.jar;C:\Users\Tony\.m2\repository\xml-apis\xml-apis\1.0.b2\xml-apis-1.0.b2.jar;C:\Users\Tony\.m2\repository\org\hibernate\javax\persistence\hibernate-jpa-2.0-api\1.0.1.Final\hibernate-jpa-2.0-api-1.0.1.Final.jar;C:\Users\Tony\.m2\repository\org\jboss\logging\jboss-logging\3.1.0.CR2\jboss-logging-3.1.0.CR2.jar;C:\Users\Tony\.m2\repository\org\javassist\javassist\3.15.0-GA\javassist-3.15.0-GA.jar;C:\Users\Tony\.m2\repository\org\hibernate\common\hibernate-commons-annotations\4.0.1.Final\hibernate-commons-annotations-4.0.1.Final.jar;C:\Users\Tony\.m2\repository\javassist\javassist\3.12.1.GA\javassist-3.12.1.GA.jar;C:\Users\Tony\.m2\repository\c3p0\c3p0\0.9.1.2\c3p0-0.9.1.2.jar;C:\Users\Tony\.m2\repository\javax\servlet\servlet-api\2.5\servlet-api-2.5.jar;C:\Users\Tony\.m2\repository\commons-fileupload\commons-fileupload\1.2.1\commons-fileupload-1.2.1.jar;C:\Users\Tony\.m2\repository\log4j\log4j\1.2.16\log4j-1.2.16.jar;C:\Users\Tony\.m2\repository\org\hsqldb\hsqldb\1.8.0.10\hsqldb-1.8.0.10.jar;C:\Users\Tony\.m2\repository\org\primefaces\themes\cupertino\1.0.6\cupertino-1.0.6.jar;C:\Users\Tony\.m2\repository\org\primefaces\themes\blitzer\1.0.6\blitzer-1.0.6.jar;C:\Users\Tony\.m2\repository\org\primefaces\themes\afterdark\1.0.6\afterdark-1.0.6.jar;C:\Users\Tony\.m2\repository\org\primefaces\themes\afternoon\1.0.6\afternoon-1.0.6.jar;C:\Users\Tony\.m2\repository\org\primefaces\themes\afterwork\1.0.6\afterwork-1.0.6.jar;C:\Users\Tony\.m2\repository\org\primefaces\themes\start\1.0.6\start-1.0.6.jar;C:\Users\Tony\.m2\repository\org\primefaces\themes\sunny\1.0.6\sunny-1.0.6.jar;C:\Users\Tony\.m2\repository\org\primefaces\themes\humanity\1.0.6\humanity-1.0.6.jar;C:\Users\Tony\.m2\repository\commons-io\commons-io\1.4\commons-io-1.4.jar;C:\Users\Tony\.m2\repository\com\lowagie\itext\2.1.7\itext-2.1.7.jar;C:\Users\Tony\.m2\repository\bouncycastle\bcmail-jdk14\138\bcmail-jdk14-138.jar;C:\Users\Tony\.m2\repository\bouncycastle\bcprov-jdk14\138\bcprov-jdk14-138.jar;C:\Users\Tony\.m2\repository\org\bouncycastle\bctsp-jdk14\1.38\bctsp-jdk14-1.38.jar;C:\Users\Tony\.m2\repository\org\bouncycastle\bcprov-jdk14\1.38\bcprov-jdk14-1.38.jar;C:\Users\Tony\.m2\repository\org\bouncycastle\bcmail-jdk14\1.38\bcmail-jdk14-1.38.jar;C:\Users\Tony\.m2\repository\jfree\jcommon\1.0.0\jcommon-1.0.0.jar;C:\Users\Tony\.m2\repository\junit\junit\3.8\junit-3.8.jar;C:\Users\Tony\.m2\repository\jdom\jdom\1.0\jdom-1.0.jar;C:\Users\Tony\.m2\repository\jfree\jfreechart\1.0.0\jfreechart-1.0.0.jar;C:\Users\Tony\.m2\repository\org\apache\poi\poi\3.7\poi-3.7.jar;C:\Users\Tony\.m2\repository\net\sourceforge\barbecue\barbecue\1.5-beta1\barbecue-1.5-beta1.jar;C:\Users\Tony\.m2\repository\org\codehaus\cargo\cargo-core-uberjar\0.8\cargo-core-uberjar-0.8.jar;C:\Users\Tony\.m2\repository\org\codehaus\cargo\cargo-ant\0.8\cargo-ant-0.8.jar;C:\Users\Tony\.m2\repository\org\codehaus\cargo\cargo-core-api-generic\0.8\cargo-core-api-generic-0.8.jar;C:\Users\Tony\.m2\repository\org\codehaus\cargo\cargo-core-api-container\0.8\cargo-core-api-container-0.8.jar;C:\Users\Tony\.m2\repository\org\codehaus\cargo\cargo-core-api-module\0.8\cargo-core-api-module-0.8.jar;C:\Users\Tony\.m2\repository\org\codehaus\cargo\cargo-core-api-util\0.8\cargo-core-api-util-0.8.jar;C:\Users\Tony\.m2\repository\ant\ant\1.5.4\ant-1.5.4.jar;C:\Users\Tony\.m2\repository\xerces\xercesImpl\2.6.2\xercesImpl-2.6.2.jar;C:\Users\Tony\.m2\repository\xalan\xalan\2.6.0\xalan-2.6.0.jar;C:\Users\Tony\.m2\repository\org\apache\geronimo\specs\geronimo-j2ee-deployment_1.1_spec\1.0\geronimo-j2ee-deployment_1.1_spec-1.0.jar;C:\Users\Tony\.m2\repository\org\codehaus\cargo\cargo-core-container-geronimo\0.8\cargo-core-container-geronimo-0.8.jar;C:\Users\Tony\.m2\repository\org\codehaus\cargo\cargo-core-container-jboss\0.8\cargo-core-container-jboss-0.8.jar;C:\Users\Tony\.m2\repository\org\codehaus\cargo\cargo-core-container-jetty\0.8\cargo-core-container-jetty-0.8.jar;C:\Users\Tony\.m2\repository\org\codehaus\cargo\cargo-core-container-jo\0.8\cargo-core-container-jo-0.8.jar;C:\Users\Tony\.m2\repository\org\codehaus\cargo\cargo-core-container-orion\0.8\cargo-core-container-orion-0.8.jar;C:\Users\Tony\.m2\repository\org\codehaus\cargo\cargo-core-container-resin\0.8\cargo-core-container-resin-0.8.jar;C:\Users\Tony\.m2\repository\org\codehaus\cargo\cargo-core-container-tomcat\0.8\cargo-core-container-tomcat-0.8.jar;C:\Users\Tony\.m2\repository\org\codehaus\cargo\cargo-core-container-weblogic\0.8\cargo-core-container-weblogic-0.8.jar;"/>
    <property name="java.specification.name" value="Java Platform API Specification"/>
    <property name="java.class.version" value="51.0"/>
    <property name="sun.management.compiler" value="HotSpot 64-Bit Tiered Compilers"/>
    <property name="os.version" value="6.1"/>
    <property name="user.home" value="C:\Users\Tony"/>
    <property name="user.timezone" value=""/>
    <property name="java.awt.printerjob" value="sun.awt.windows.WPrinterJob"/>
    <property name="java.specification.version" value="1.7"/>
    <property name="file.encoding" value="Cp1252"/>
    <property name="user.name" value="Tony"/>
    <property name="java.class.path" value="C:\Users\Tony\workspace\InmoUned\target\test-classes;C:\Users\Tony\workspace\InmoUned\target\classes;C:\Users\Tony\.m2\repository\org\springframework\spring-core\3.1.1.RELEASE\spring-core-3.1.1.RELEASE.jar;C:\Users\Tony\.m2\repository\org\springframework\spring-asm\3.1.1.RELEASE\spring-asm-3.1.1.RELEASE.jar;C:\Users\Tony\.m2\repository\commons-logging\commons-logging\1.1.1\commons-logging-1.1.1.jar;C:\Users\Tony\.m2\repository\org\springframework\spring-context\3.1.1.RELEASE\spring-context-3.1.1.RELEASE.jar;C:\Users\Tony\.m2\repository\org\springframework\spring-aop\3.1.1.RELEASE\spring-aop-3.1.1.RELEASE.jar;C:\Users\Tony\.m2\repository\aopalliance\aopalliance\1.0\aopalliance-1.0.jar;C:\Users\Tony\.m2\repository\org\springframework\spring-beans\3.1.1.RELEASE\spring-beans-3.1.1.RELEASE.jar;C:\Users\Tony\.m2\repository\org\springframework\spring-expression\3.1.1.RELEASE\spring-expression-3.1.1.RELEASE.jar;C:\Users\Tony\.m2\repository\org\springframework\spring-context-support\3.1.1.RELEASE\spring-context-support-3.1.1.RELEASE.jar;C:\Users\Tony\.m2\repository\org\springframework\spring-web\3.1.1.RELEASE\spring-web-3.1.1.RELEASE.jar;C:\Users\Tony\.m2\repository\org\springframework\spring-tx\3.1.1.RELEASE\spring-tx-3.1.1.RELEASE.jar;C:\Users\Tony\.m2\repository\org\springframework\spring-orm\3.1.1.RELEASE\spring-orm-3.1.1.RELEASE.jar;C:\Users\Tony\.m2\repository\org\springframework\spring-jdbc\3.1.1.RELEASE\spring-jdbc-3.1.1.RELEASE.jar;C:\Users\Tony\.m2\repository\org\springframework\spring-test\3.1.1.RELEASE\spring-test-3.1.1.RELEASE.jar;C:\Users\Tony\.m2\repository\javax\mail\mail\1.4\mail-1.4.jar;C:\Users\Tony\.m2\repository\javax\activation\activation\1.1\activation-1.1.jar;C:\Users\Tony\.m2\repository\cglib\cglib\2.2\cglib-2.2.jar;C:\Users\Tony\.m2\repository\asm\asm\3.1\asm-3.1.jar;C:\Users\Tony\.m2\repository\com\sun\faces\jsf-api\2.1.6\jsf-api-2.1.6.jar;C:\Users\Tony\.m2\repository\com\sun\faces\jsf-impl\2.1.6\jsf-impl-2.1.6.jar;C:\Users\Tony\.m2\repository\javax\servlet\jstl\1.2\jstl-1.2.jar;C:\Users\Tony\.m2\repository\org\primefaces\primefaces\3.3-SNAPSHOT\primefaces-3.3-SNAPSHOT.jar;C:\Users\Tony\.m2\repository\org\hibernate\hibernate-core\4.1.0.Final\hibernate-core-4.1.0.Final.jar;C:\Users\Tony\.m2\repository\commons-collections\commons-collections\3.2.1\commons-collections-3.2.1.jar;C:\Users\Tony\.m2\repository\antlr\antlr\2.7.7\antlr-2.7.7.jar;C:\Users\Tony\.m2\repository\org\jboss\spec\javax\transaction\jboss-transaction-api_1.1_spec\1.0.0.Final\jboss-transaction-api_1.1_spec-1.0.0.Final.jar;C:\Users\Tony\.m2\repository\dom4j\dom4j\1.6.1\dom4j-1.6.1.jar;C:\Users\Tony\.m2\repository\xml-apis\xml-apis\1.0.b2\xml-apis-1.0.b2.jar;C:\Users\Tony\.m2\repository\org\hibernate\javax\persistence\hibernate-jpa-2.0-api\1.0.1.Final\hibernate-jpa-2.0-api-1.0.1.Final.jar;C:\Users\Tony\.m2\repository\org\jboss\logging\jboss-logging\3.1.0.CR2\jboss-logging-3.1.0.CR2.jar;C:\Users\Tony\.m2\repository\org\javassist\javassist\3.15.0-GA\javassist-3.15.0-GA.jar;C:\Users\Tony\.m2\repository\org\hibernate\common\hibernate-commons-annotations\4.0.1.Final\hibernate-commons-annotations-4.0.1.Final.jar;C:\Users\Tony\.m2\repository\javassist\javassist\3.12.1.GA\javassist-3.12.1.GA.jar;C:\Users\Tony\.m2\repository\c3p0\c3p0\0.9.1.2\c3p0-0.9.1.2.jar;C:\Users\Tony\.m2\repository\javax\servlet\servlet-api\2.5\servlet-api-2.5.jar;C:\Users\Tony\.m2\repository\commons-fileupload\commons-fileupload\1.2.1\commons-fileupload-1.2.1.jar;C:\Users\Tony\.m2\repository\log4j\log4j\1.2.16\log4j-1.2.16.jar;C:\Users\Tony\.m2\repository\org\hsqldb\hsqldb\1.8.0.10\hsqldb-1.8.0.10.jar;C:\Users\Tony\.m2\repository\org\primefaces\themes\cupertino\1.0.6\cupertino-1.0.6.jar;C:\Users\Tony\.m2\repository\org\primefaces\themes\blitzer\1.0.6\blitzer-1.0.6.jar;C:\Users\Tony\.m2\repository\org\primefaces\themes\afterdark\1.0.6\afterdark-1.0.6.jar;C:\Users\Tony\.m2\repository\org\primefaces\themes\afternoon\1.0.6\afternoon-1.0.6.jar;C:\Users\Tony\.m2\repository\org\primefaces\themes\afterwork\1.0.6\afterwork-1.0.6.jar;C:\Users\Tony\.m2\repository\org\primefaces\themes\start\1.0.6\start-1.0.6.jar;C:\Users\Tony\.m2\repository\org\primefaces\themes\sunny\1.0.6\sunny-1.0.6.jar;C:\Users\Tony\.m2\repository\org\primefaces\themes\humanity\1.0.6\humanity-1.0.6.jar;C:\Users\Tony\.m2\repository\commons-io\commons-io\1.4\commons-io-1.4.jar;C:\Users\Tony\.m2\repository\com\lowagie\itext\2.1.7\itext-2.1.7.jar;C:\Users\Tony\.m2\repository\bouncycastle\bcmail-jdk14\138\bcmail-jdk14-138.jar;C:\Users\Tony\.m2\repository\bouncycastle\bcprov-jdk14\138\bcprov-jdk14-138.jar;C:\Users\Tony\.m2\repository\org\bouncycastle\bctsp-jdk14\1.38\bctsp-jdk14-1.38.jar;C:\Users\Tony\.m2\repository\org\bouncycastle\bcprov-jdk14\1.38\bcprov-jdk14-1.38.jar;C:\Users\Tony\.m2\repository\org\bouncycastle\bcmail-jdk14\1.38\bcmail-jdk14-1.38.jar;C:\Users\Tony\.m2\repository\jfree\jcommon\1.0.0\jcommon-1.0.0.jar;C:\Users\Tony\.m2\repository\junit\junit\3.8\junit-3.8.jar;C:\Users\Tony\.m2\repository\jdom\jdom\1.0\jdom-1.0.jar;C:\Users\Tony\.m2\repository\jfree\jfreechart\1.0.0\jfreechart-1.0.0.jar;C:\Users\Tony\.m2\repository\org\apache\poi\poi\3.7\poi-3.7.jar;C:\Users\Tony\.m2\repository\net\sourceforge\barbecue\barbecue\1.5-beta1\barbecue-1.5-beta1.jar;C:\Users\Tony\.m2\repository\org\codehaus\cargo\cargo-core-uberjar\0.8\cargo-core-uberjar-0.8.jar;C:\Users\Tony\.m2\repository\org\codehaus\cargo\cargo-ant\0.8\cargo-ant-0.8.jar;C:\Users\Tony\.m2\repository\org\codehaus\cargo\cargo-core-api-generic\0.8\cargo-core-api-generic-0.8.jar;C:\Users\Tony\.m2\repository\org\codehaus\cargo\cargo-core-api-container\0.8\cargo-core-api-container-0.8.jar;C:\Users\Tony\.m2\repository\org\codehaus\cargo\cargo-core-api-module\0.8\cargo-core-api-module-0.8.jar;C:\Users\Tony\.m2\repository\org\codehaus\cargo\cargo-core-api-util\0.8\cargo-core-api-util-0.8.jar;C:\Users\Tony\.m2\repository\ant\ant\1.5.4\ant-1.5.4.jar;C:\Users\Tony\.m2\repository\xerces\xercesImpl\2.6.2\xercesImpl-2.6.2.jar;C:\Users\Tony\.m2\repository\xalan\xalan\2.6.0\xalan-2.6.0.jar;C:\Users\Tony\.m2\repository\org\apache\geronimo\specs\geronimo-j2ee-deployment_1.1_spec\1.0\geronimo-j2ee-deployment_1.1_spec-1.0.jar;C:\Users\Tony\.m2\repository\org\codehaus\cargo\cargo-core-container-geronimo\0.8\cargo-core-container-geronimo-0.8.jar;C:\Users\Tony\.m2\repository\org\codehaus\cargo\cargo-core-container-jboss\0.8\cargo-core-container-jboss-0.8.jar;C:\Users\Tony\.m2\repository\org\codehaus\cargo\cargo-core-container-jetty\0.8\cargo-core-container-jetty-0.8.jar;C:\Users\Tony\.m2\repository\org\codehaus\cargo\cargo-core-container-jo\0.8\cargo-core-container-jo-0.8.jar;C:\Users\Tony\.m2\repository\org\codehaus\cargo\cargo-core-container-orion\0.8\cargo-core-container-orion-0.8.jar;C:\Users\Tony\.m2\repository\org\codehaus\cargo\cargo-core-container-resin\0.8\cargo-core-container-resin-0.8.jar;C:\Users\Tony\.m2\repository\org\codehaus\cargo\cargo-core-container-tomcat\0.8\cargo-core-container-tomcat-0.8.jar;C:\Users\Tony\.m2\repository\org\codehaus\cargo\cargo-core-container-weblogic\0.8\cargo-core-container-weblogic-0.8.jar;"/>
    <property name="java.vm.specification.version" value="1.7"/>
    <property name="sun.arch.data.model" value="64"/>
    <property name="java.home" value="C:\enviroment\java\jdk1.7.0_79\jre"/>
    <property name="sun.java.command" value="C:\Users\Tony\AppData\Local\Temp\surefirebooter3812109685274786330.jar C:\Users\Tony\AppData\Local\Temp\surefire6779352780226144812tmp C:\Users\Tony\AppData\Local\Temp\surefire766590908565414397tmp"/>
    <property name="java.specification.vendor" value="Oracle Corporation"/>
    <property name="user.language" value="en"/>
    <property name="user.language.format" value="es"/>
    <property name="awt.toolkit" value="sun.awt.windows.WToolkit"/>
    <property name="java.vm.info" value="mixed mode"/>
    <property name="java.version" value="1.7.0_79"/>
    <property name="java.ext.dirs" value="C:\enviroment\java\jdk1.7.0_79\jre\lib\ext;C:\Windows\Sun\Java\lib\ext"/>
    <property name="sun.boot.class.path" value="C:\enviroment\java\jdk1.7.0_79\jre\lib\resources.jar;C:\enviroment\java\jdk1.7.0_79\jre\lib\rt.jar;C:\enviroment\java\jdk1.7.0_79\jre\lib\sunrsasign.jar;C:\enviroment\java\jdk1.7.0_79\jre\lib\jsse.jar;C:\enviroment\java\jdk1.7.0_79\jre\lib\jce.jar;C:\enviroment\java\jdk1.7.0_79\jre\lib\charsets.jar;C:\enviroment\java\jdk1.7.0_79\jre\lib\jfr.jar;C:\enviroment\java\jdk1.7.0_79\jre\classes"/>
    <property name="java.vendor" value="Oracle Corporation"/>
    <property name="localRepository" value="C:\Users\Tony\.m2\repository"/>
    <property name="file.separator" value="\"/>
    <property name="java.vendor.url.bug" value="http://bugreport.sun.com/bugreport/"/>
    <property name="sun.cpu.endian" value="little"/>
    <property name="sun.io.unicode.encoding" value="UnicodeLittle"/>
    <property name="sun.desktop" value="windows"/>
    <property name="sun.cpu.isalist" value="amd64"/>
  </properties>
  <testcase time="0.007" classname="es.uned.service.UsuarioServiceTest" name="testAddUsuario"/>
</testsuite>